[precheck:NO_ETA] 30 seeds 완주·건전성 통과 (절단 0회)
[precheck:ETA_NO_PRE] 30 seeds 완주·건전성 통과 (절단 126회)
[precheck:FULL] 30 seeds 완주·건전성 통과 (절단 333회)
[scale] cost_scale=1.75 지배도 통과 (최대 항 48.6%)
[train:dqn] ep=25/500 val_cost=247.558 replay=8697
[train:dqn] ep=50/500 val_cost=285.354 replay=19165
[train:dqn] ep=75/500 val_cost=239.720 replay=30633
[train:dqn] ep=100/500 val_cost=237.771 replay=41487
[train:dqn] ep=125/500 val_cost=294.023 replay=50000
[train:dqn] ep=150/500 val_cost=247.870 replay=50000
[train:dqn] ep=175/500 val_cost=164.396 replay=50000
[train:dqn] ep=200/500 val_cost=237.539 replay=50000
[train:dqn] ep=225/500 val_cost=114.119 replay=50000
[train:dqn] ep=250/500 val_cost=127.068 replay=50000
[train:dqn] ep=275/500 val_cost=124.580 replay=50000
[train:dqn] ep=300/500 val_cost=201.243 replay=50000
[train:dqn] ep=325/500 val_cost=106.772 replay=50000
[train:dqn] ep=350/500 val_cost=88.867 replay=50000
[train:dqn] ep=375/500 val_cost=234.742 replay=50000
[train:dqn] ep=400/500 val_cost=125.935 replay=50000
[train:dqn] ep=425/500 val_cost=132.168 replay=50000
[train:dqn] ep=450/500 val_cost=92.562 replay=50000
[train:dqn] ep=475/500 val_cost=108.830 replay=50000
[train:dqn] ep=500/500 val_cost=128.044 replay=50000
[train:ddqn] ep=25/500 val_cost=323.366 replay=8735
[train:ddqn] ep=50/500 val_cost=154.757 replay=20252
[train:ddqn] ep=75/500 val_cost=127.512 replay=30439
[train:ddqn] ep=100/500 val_cost=149.185 replay=39483
[train:ddqn] ep=125/500 val_cost=135.258 replay=48568
[train:ddqn] ep=150/500 val_cost=130.417 replay=50000
[train:ddqn] ep=175/500 val_cost=128.092 replay=50000
[train:ddqn] ep=200/500 val_cost=108.998 replay=50000
[train:ddqn] ep=225/500 val_cost=96.569 replay=50000
[train:ddqn] ep=250/500 val_cost=130.798 replay=50000
[train:ddqn] ep=275/500 val_cost=107.579 replay=50000
[train:ddqn] ep=300/500 val_cost=189.446 replay=50000
[train:ddqn] ep=325/500 val_cost=131.324 replay=50000
[train:ddqn] ep=350/500 val_cost=118.321 replay=50000
[train:ddqn] ep=375/500 val_cost=96.651 replay=50000
[train:ddqn] ep=400/500 val_cost=110.150 replay=50000
[train:ddqn] ep=425/500 val_cost=106.876 replay=50000
[train:ddqn] ep=450/500 val_cost=96.040 replay=50000
[train:ddqn] ep=475/500 val_cost=126.135 replay=50000
[train:ddqn] ep=500/500 val_cost=98.576 replay=50000
[train:dueling] ep=25/500 val_cost=297.112 replay=8310
[train:dueling] ep=50/500 val_cost=190.554 replay=18875
[train:dueling] ep=75/500 val_cost=158.460 replay=29499
[train:dueling] ep=100/500 val_cost=121.909 replay=38264
[train:dueling] ep=125/500 val_cost=108.856 replay=46499
[train:dueling] ep=150/500 val_cost=107.650 replay=50000
[train:dueling] ep=175/500 val_cost=129.115 replay=50000
[train:dueling] ep=200/500 val_cost=88.913 replay=50000
[train:dueling] ep=225/500 val_cost=88.433 replay=50000
[train:dueling] ep=250/500 val_cost=129.685 replay=50000
[train:dueling] ep=275/500 val_cost=82.458 replay=50000
[train:dueling] ep=300/500 val_cost=135.063 replay=50000
[train:dueling] ep=325/500 val_cost=98.662 replay=50000
[train:dueling] ep=350/500 val_cost=95.004 replay=50000
[train:dueling] ep=375/500 val_cost=205.302 replay=50000
[train:dueling] ep=400/500 val_cost=98.664 replay=50000
[train:dueling] ep=425/500 val_cost=91.670 replay=50000
[train:dueling] ep=450/500 val_cost=218.390 replay=50000
[train:dueling] ep=475/500 val_cost=108.130 replay=50000
[train:dueling] ep=500/500 val_cost=98.669 replay=50000
[test] DQN[dueling] NO_ETA/allow 60s… 15s cost=111.535
[test] DQN[dueling] NO_ETA/forbid 60s… 15s cost=110.419
[test] DQN[dueling] ETA_NO_PRE/allow 60s… 27s cost=90.951
[test] DQN[dueling] ETA_NO_PRE/forbid 60s… 25s cost=86.310
[test] DQN[dueling] FULL/allow 60s… 23s cost=90.951
[test] DQN[dueling] FULL/forbid 60s… 24s cost=86.310
[YR-045] completed in 9473.7s -> outputs\reports\yr045_locked_rerun\yr045_report.md
