[fit] seed 530000: 결정 48, 필드 65
[fit] seed 530001: 결정 50, 필드 65
[fit] seed 530002: 결정 66, 필드 65
[fit] seed 530003: 결정 71, 필드 65
[fit] seed 530004: 결정 66, 필드 65
[fit] 65 필드 동결 (fitted_baseline_p90)
[YR-013] dims=(22, 32, 26, 38) cost_scale=1.9 n_agents=2
[train:QMIX] ep=25/2000 val_cost=154.84
[train:QMIX] ep=50/2000 val_cost=154.41
[train:QMIX] ep=75/2000 val_cost=155.76
[train:QMIX] ep=100/2000 val_cost=156.86
[train:QMIX] ep=125/2000 val_cost=150.62
[train:QMIX] ep=150/2000 val_cost=139.19
[train:QMIX] ep=175/2000 val_cost=150.64
[train:QMIX] ep=200/2000 val_cost=138.95
[train:QMIX] ep=225/2000 val_cost=141.46
[train:QMIX] ep=250/2000 val_cost=144.15
[train:QMIX] ep=275/2000 val_cost=138.83
[train:QMIX] ep=300/2000 val_cost=145.79
[train:QMIX] ep=325/2000 val_cost=143.46
[train:QMIX] ep=350/2000 val_cost=134.08
[train:QMIX] ep=375/2000 val_cost=140.44
[train:QMIX] ep=400/2000 val_cost=147.18
[train:QMIX] ep=425/2000 val_cost=147.77
[train:QMIX] ep=450/2000 val_cost=149.75
[train:QMIX] ep=475/2000 val_cost=143.61
[train:QMIX] ep=500/2000 val_cost=135.65
[train:QMIX] ep=525/2000 val_cost=134.53
[train:QMIX] ep=550/2000 val_cost=139.54
[train:QMIX] ep=575/2000 val_cost=147.36
[train:QMIX] ep=600/2000 val_cost=143.84
[train:QMIX] ep=625/2000 val_cost=140.94
[train:QMIX] ep=650/2000 val_cost=144.00
[train:QMIX] ep=675/2000 val_cost=147.66
[train:QMIX] ep=700/2000 val_cost=145.36
[train:QMIX] ep=725/2000 val_cost=150.31
[train:QMIX] ep=750/2000 val_cost=141.10
[train:QMIX] ep=775/2000 val_cost=130.50
[train:QMIX] ep=800/2000 val_cost=147.15
[train:QMIX] ep=825/2000 val_cost=147.44
[train:QMIX] ep=850/2000 val_cost=137.05
[train:QMIX] ep=875/2000 val_cost=147.37
[train:QMIX] ep=900/2000 val_cost=151.16
[train:QMIX] ep=925/2000 val_cost=136.78
[train:QMIX] ep=950/2000 val_cost=146.15
[train:QMIX] ep=975/2000 val_cost=135.43
[train:QMIX] ep=1000/2000 val_cost=148.50
[train:QMIX] ep=1025/2000 val_cost=145.69
[train:QMIX] ep=1050/2000 val_cost=135.44
[train:QMIX] ep=1075/2000 val_cost=133.30
[train:QMIX] ep=1100/2000 val_cost=136.59
[train:QMIX] ep=1125/2000 val_cost=141.01
[train:QMIX] ep=1150/2000 val_cost=138.79
[train:QMIX] ep=1175/2000 val_cost=141.06
[train:QMIX] ep=1200/2000 val_cost=132.38
[train:QMIX] ep=1225/2000 val_cost=138.25
[train:QMIX] ep=1250/2000 val_cost=136.80
[train:QMIX] ep=1275/2000 val_cost=135.72
[train:QMIX] ep=1300/2000 val_cost=145.47
[train:QMIX] ep=1325/2000 val_cost=142.28
[train:QMIX] ep=1350/2000 val_cost=140.95
[train:QMIX] ep=1375/2000 val_cost=134.33
[train:QMIX] ep=1400/2000 val_cost=135.66
[train:QMIX] ep=1425/2000 val_cost=141.92
[train:QMIX] ep=1450/2000 val_cost=136.52
[train:QMIX] ep=1475/2000 val_cost=134.80
[train:QMIX] ep=1500/2000 val_cost=137.16
[train:QMIX] ep=1525/2000 val_cost=149.95
[train:QMIX] ep=1550/2000 val_cost=147.61
[train:QMIX] ep=1575/2000 val_cost=142.36
[train:QMIX] ep=1600/2000 val_cost=147.25
[train:QMIX] ep=1625/2000 val_cost=136.68
[train:QMIX] ep=1650/2000 val_cost=137.22
[train:QMIX] ep=1675/2000 val_cost=128.32
[train:QMIX] ep=1700/2000 val_cost=135.27
[train:QMIX] ep=1725/2000 val_cost=137.41
[train:QMIX] ep=1750/2000 val_cost=132.57
[train:QMIX] ep=1775/2000 val_cost=129.48
[train:QMIX] ep=1800/2000 val_cost=143.71
[train:QMIX] ep=1825/2000 val_cost=132.63
[train:QMIX] ep=1850/2000 val_cost=143.76
[train:QMIX] ep=1875/2000 val_cost=141.03
[train:QMIX] ep=1900/2000 val_cost=144.16
[train:QMIX] ep=1925/2000 val_cost=138.05
[train:QMIX] ep=1950/2000 val_cost=135.49
[train:QMIX] ep=1975/2000 val_cost=136.95
[train:QMIX] ep=2000/2000 val_cost=135.66
[test] RL QMIX@500
[test] RL QMIX@1000
[test] RL QMIX@2000
[train:INDEP] ep=25/2000 val_cost=152.40
[train:INDEP] ep=50/2000 val_cost=145.50
[train:INDEP] ep=75/2000 val_cost=134.23
[train:INDEP] ep=100/2000 val_cost=114.85
[train:INDEP] ep=125/2000 val_cost=125.00
[train:INDEP] ep=150/2000 val_cost=109.87
[train:INDEP] ep=175/2000 val_cost=105.22
[train:INDEP] ep=200/2000 val_cost=93.83
[train:INDEP] ep=225/2000 val_cost=97.66
[train:INDEP] ep=250/2000 val_cost=96.29
[train:INDEP] ep=275/2000 val_cost=86.91
[train:INDEP] ep=300/2000 val_cost=81.26
[train:INDEP] ep=325/2000 val_cost=83.67
[train:INDEP] ep=350/2000 val_cost=87.34
[train:INDEP] ep=375/2000 val_cost=89.86
[train:INDEP] ep=400/2000 val_cost=86.98
[train:INDEP] ep=425/2000 val_cost=93.81
[train:INDEP] ep=450/2000 val_cost=96.89
[train:INDEP] ep=475/2000 val_cost=97.89
[train:INDEP] ep=500/2000 val_cost=94.94
[train:INDEP] ep=525/2000 val_cost=97.67
[train:INDEP] ep=550/2000 val_cost=91.99
[train:INDEP] ep=575/2000 val_cost=87.94
[train:INDEP] ep=600/2000 val_cost=91.87
[train:INDEP] ep=625/2000 val_cost=90.25
[train:INDEP] ep=650/2000 val_cost=91.76
[train:INDEP] ep=675/2000 val_cost=94.26
[train:INDEP] ep=700/2000 val_cost=91.60
[train:INDEP] ep=725/2000 val_cost=89.43
[train:INDEP] ep=750/2000 val_cost=81.92
[train:INDEP] ep=775/2000 val_cost=90.33
[train:INDEP] ep=800/2000 val_cost=98.45
[train:INDEP] ep=825/2000 val_cost=88.86
[train:INDEP] ep=850/2000 val_cost=94.97
[train:INDEP] ep=875/2000 val_cost=88.84
[train:INDEP] ep=900/2000 val_cost=84.54
[train:INDEP] ep=925/2000 val_cost=94.15
[train:INDEP] ep=950/2000 val_cost=86.78
[train:INDEP] ep=975/2000 val_cost=79.57
[train:INDEP] ep=1000/2000 val_cost=83.59
[train:INDEP] ep=1025/2000 val_cost=83.44
[train:INDEP] ep=1050/2000 val_cost=82.62
[train:INDEP] ep=1075/2000 val_cost=86.68
[train:INDEP] ep=1100/2000 val_cost=84.19
[train:INDEP] ep=1125/2000 val_cost=87.84
[train:INDEP] ep=1150/2000 val_cost=83.42
[train:INDEP] ep=1175/2000 val_cost=88.04
[train:INDEP] ep=1200/2000 val_cost=86.66
[train:INDEP] ep=1225/2000 val_cost=87.92
[train:INDEP] ep=1250/2000 val_cost=89.28
[train:INDEP] ep=1275/2000 val_cost=84.12
[train:INDEP] ep=1300/2000 val_cost=82.11
[train:INDEP] ep=1325/2000 val_cost=93.85
[train:INDEP] ep=1350/2000 val_cost=87.03
[train:INDEP] ep=1375/2000 val_cost=95.71
[train:INDEP] ep=1400/2000 val_cost=93.64
[train:INDEP] ep=1425/2000 val_cost=83.15
[train:INDEP] ep=1450/2000 val_cost=84.11
[train:INDEP] ep=1475/2000 val_cost=87.48
[train:INDEP] ep=1500/2000 val_cost=85.92
[train:INDEP] ep=1525/2000 val_cost=83.89
[train:INDEP] ep=1550/2000 val_cost=85.86
[train:INDEP] ep=1575/2000 val_cost=84.51
[train:INDEP] ep=1600/2000 val_cost=83.72
[train:INDEP] ep=1625/2000 val_cost=84.44
[train:INDEP] ep=1650/2000 val_cost=88.93
[train:INDEP] ep=1675/2000 val_cost=83.77
[train:INDEP] ep=1700/2000 val_cost=86.37
[train:INDEP] ep=1725/2000 val_cost=87.77
[train:INDEP] ep=1750/2000 val_cost=94.83
[train:INDEP] ep=1775/2000 val_cost=93.72
[train:INDEP] ep=1800/2000 val_cost=91.99
[train:INDEP] ep=1825/2000 val_cost=88.94
[train:INDEP] ep=1850/2000 val_cost=83.61
[train:INDEP] ep=1875/2000 val_cost=92.24
[train:INDEP] ep=1900/2000 val_cost=91.71
[train:INDEP] ep=1925/2000 val_cost=87.94
[train:INDEP] ep=1950/2000 val_cost=90.67
[train:INDEP] ep=1975/2000 val_cost=88.42
[train:INDEP] ep=2000/2000 val_cost=86.45
[test] RL INDEP@500
[test] RL INDEP@1000
[test] RL INDEP@2000
[test] JointRollout — 선행 run 재사용 (outputs\reports\yr013_qmix_ladder\test_results.json)
[YR-013] 완료 (32106s) → outputs\reports\yr059_qmix_norm_ladder\yr013_report.md
[YR-059] → outputs\reports\yr059_qmix_norm_ladder\yr059_report.md
